#-----------------------------------------------------------
# Webtalk v2016.2 (64-bit)
# SW Build 1577090 on Thu Jun  2 16:32:40 MDT 2016
# 
# Start of session at: Thu Mar 30 11:15:37 2017
# Process ID: 10580
# Current directory: C:/Users/bing/temp/vivado_test/DJ_2/DJ_2.sdk/webtalk
# Command line: wbtcv.exe -mode batch -source sdk_webtalk.tcl
# Log file: C:/Users/bing/temp/vivado_test/DJ_2/DJ_2.sdk/webtalk/webtalk.log
# Journal file: C:/Users/bing/temp/vivado_test/DJ_2/DJ_2.sdk/webtalk\webtalk.jou
#-----------------------------------------------------------
source sdk_webtalk.tcl
# webtalk_init -webtalk_dir C:\\Users\\bing\\temp\\vivado_test\\DJ_2\\DJ_2.sdk\\webtalk
# webtalk_register_client -client project
# webtalk_add_data -client project -key date_generated -value "星期四 三月 30 11:15:36 2017" -context "software_version_and_target_device"
# webtalk_add_data -client project -key product_version -value "SDK v2016.2" -context "software_version_and_target_device"
# webtalk_add_data -client project -key build_version -value "2016.2" -context "software_version_and_target_device"
# webtalk_add_data -client project -key os_platform -value "amd64" -context "software_version_and_target_device"
# webtalk_add_data -client project -key registration_id -value "" -context "software_version_and_target_device"
# webtalk_add_data -client project -key tool_flow -value "SDK" -context "software_version_and_target_device"
# webtalk_add_data -client project -key beta -value "false" -context "software_version_and_target_device"
# webtalk_add_data -client project -key route_design -value "NA" -context "software_version_and_target_device"
# webtalk_add_data -client project -key target_family -value "NA" -context "software_version_and_target_device"
# webtalk_add_data -client project -key target_device -value "NA" -context "software_version_and_target_device"
# webtalk_add_data -client project -key target_package -value "NA" -context "software_version_and_target_device"
# webtalk_add_data -client project -key target_speed -value "NA" -context "software_version_and_target_device"
# webtalk_add_data -client project -key random_id -value "31f570o75l8ba98sk09ujf2t9h" -context "software_version_and_target_device"
# webtalk_add_data -client project -key project_id -value "2016.2_22" -context "software_version_and_target_device"
# webtalk_add_data -client project -key project_iteration -value "22" -context "software_version_and_target_device"
# webtalk_add_data -client project -key os_name -value "" -context "user_environment"
# webtalk_add_data -client project -key os_release -value "" -context "user_environment"
# webtalk_add_data -client project -key cpu_name -value "" -context "user_environment"
# webtalk_add_data -client project -key cpu_speed -value "" -context "user_environment"
# webtalk_add_data -client project -key total_processors -value "" -context "user_environment"
# webtalk_add_data -client project -key system_ram -value "" -context "user_environment"
# webtalk_register_client -client sdk
# webtalk_add_data -client sdk -key uid -value "1490839207717" -context "sdk\\\\hardware/1490839207717"
# webtalk_add_data -client sdk -key isZynq -value "true" -context "sdk\\\\hardware/1490839207717"
# webtalk_add_data -client sdk -key Processors -value "2" -context "sdk\\\\hardware/1490839207717"
# webtalk_add_data -client sdk -key VivadoVersion -value "2016.2" -context "sdk\\\\hardware/1490839207717"
# webtalk_add_data -client sdk -key Arch -value "zynq" -context "sdk\\\\hardware/1490839207717"
# webtalk_add_data -client sdk -key Device -value "7z010" -context "sdk\\\\hardware/1490839207717"
# webtalk_add_data -client sdk -key IsHandoff -value "true" -context "sdk\\\\hardware/1490839207717"
# webtalk_add_data -client sdk -key uid -value "1490839322438" -context "sdk\\\\bsp/1490839322438"
# webtalk_add_data -client sdk -key hwid -value "1490839207717" -context "sdk\\\\bsp/1490839322438"
# webtalk_add_data -client sdk -key os -value "standalone" -context "sdk\\\\bsp/1490839322438"
# webtalk_add_data -client sdk -key apptemplate -value "hello_world" -context "sdk\\\\bsp/1490839322438"
# webtalk_add_data -client sdk -key uid -value "1490839326978" -context "sdk\\\\application/1490839326978"
# webtalk_add_data -client sdk -key hwid -value "1490839207717" -context "sdk\\\\application/1490839326978"
# webtalk_add_data -client sdk -key bspid -value "1490839322438" -context "sdk\\\\application/1490839326978"
# webtalk_add_data -client sdk -key newbsp -value "true" -context "sdk\\\\application/1490839326978"
# webtalk_add_data -client sdk -key os -value "standalone" -context "sdk\\\\application/1490839326978"
# webtalk_add_data -client sdk -key apptemplate -value "hello_world" -context "sdk\\\\application/1490839326978"
# webtalk_add_data -client sdk -key uid -value "1490839534047" -context "sdk\\\\bsp/1490839534047"
# webtalk_add_data -client sdk -key hwid -value "1490839207717" -context "sdk\\\\bsp/1490839534047"
# webtalk_add_data -client sdk -key os -value "standalone" -context "sdk\\\\bsp/1490839534047"
# webtalk_add_data -client sdk -key apptemplate -value "zynq_fsbl" -context "sdk\\\\bsp/1490839534047"
# webtalk_add_data -client sdk -key uid -value "1490839542525" -context "sdk\\\\application/1490839542525"
# webtalk_add_data -client sdk -key hwid -value "1490839207717" -context "sdk\\\\application/1490839542525"
# webtalk_add_data -client sdk -key bspid -value "1490839534047" -context "sdk\\\\application/1490839542525"
# webtalk_add_data -client sdk -key newbsp -value "true" -context "sdk\\\\application/1490839542525"
# webtalk_add_data -client sdk -key os -value "standalone" -context "sdk\\\\application/1490839542525"
# webtalk_add_data -client sdk -key apptemplate -value "zynq_fsbl" -context "sdk\\\\application/1490839542525"
# webtalk_transmit -clientid 278557612 -regid "" -xml C:\\Users\\bing\\temp\\vivado_test\\DJ_2\\DJ_2.sdk\\webtalk\\usage_statistics_ext_sdk.xml -html C:\\Users\\bing\\temp\\vivado_test\\DJ_2\\DJ_2.sdk\\webtalk\\usage_statistics_ext_sdk.html -wdm C:\\Users\\bing\\temp\\vivado_test\\DJ_2\\DJ_2.sdk\\webtalk\\sdk_webtalk.wdm -intro "<H3>SDK Usage Report</H3><BR>"
# webtalk_terminate
INFO: [Common 17-206] Exiting Webtalk at Thu Mar 30 11:15:41 2017...
