
*** Running vivado
    with args -log design_1_wrapper.vdi -applog -m64 -messageDb vivado.pb -mode batch -source design_1_wrapper.tcl -notrace


****** Vivado v2016.2 (64-bit)
  **** SW Build 1577090 on Thu Jun  2 16:32:40 MDT 2016
  **** IP Build 1577682 on Fri Jun  3 12:00:54 MDT 2016
    ** Copyright 1986-2016 Xilinx, Inc. All Rights Reserved.

source design_1_wrapper.tcl -notrace
Command: open_checkpoint C:/Users/bing/temp/vivado_test/DJ_2/DJ_2.runs/impl_1/design_1_wrapper.dcp

Starting open_checkpoint Task

Time (s): cpu = 00:00:00 ; elapsed = 00:00:00.030 . Memory (MB): peak = 207.293 ; gain = 0.000
INFO: [Netlist 29-17] Analyzing 5 Unisim elements for replacement
INFO: [Netlist 29-28] Unisim Transformation completed in 0 CPU seconds
INFO: [Project 1-479] Netlist was created with Vivado 2016.2
INFO: [Device 21-403] Loading part xc7z010clg400-1
INFO: [Project 1-570] Preparing netlist for logic optimization
Parsing XDC File [C:/Users/bing/temp/vivado_test/DJ_2/DJ_2.runs/impl_1/.Xil/Vivado-10008-DESKTOP-6T2CTD3/dcp/design_1_wrapper_early.xdc]
Finished Parsing XDC File [C:/Users/bing/temp/vivado_test/DJ_2/DJ_2.runs/impl_1/.Xil/Vivado-10008-DESKTOP-6T2CTD3/dcp/design_1_wrapper_early.xdc]
Parsing XDC File [C:/Users/bing/temp/vivado_test/DJ_2/DJ_2.runs/impl_1/.Xil/Vivado-10008-DESKTOP-6T2CTD3/dcp/design_1_wrapper.xdc]
Finished Parsing XDC File [C:/Users/bing/temp/vivado_test/DJ_2/DJ_2.runs/impl_1/.Xil/Vivado-10008-DESKTOP-6T2CTD3/dcp/design_1_wrapper.xdc]
Reading XDEF placement.
Reading placer database...
Reading XDEF routing.
Read XDEF File: Time (s): cpu = 00:00:00 ; elapsed = 00:00:00.250 . Memory (MB): peak = 566.648 ; gain = 0.000
Restored from archive | CPU: 0.000000 secs | Memory: 0.000000 MB |
Finished XDEF File Restore: Time (s): cpu = 00:00:00 ; elapsed = 00:00:00.250 . Memory (MB): peak = 566.648 ; gain = 0.000
INFO: [Project 1-111] Unisim Transformation Summary:
  A total of 2 instances were transformed.
  IOBUF => IOBUF (IBUF, OBUFT): 2 instances

INFO: [Project 1-604] Checkpoint was created with Vivado v2016.2 (64-bit) build 1577090
open_checkpoint: Time (s): cpu = 00:00:08 ; elapsed = 00:00:10 . Memory (MB): peak = 566.648 ; gain = 359.355
Command: opt_design
Attempting to get a license for feature 'Implementation' and/or device 'xc7z010'
INFO: [Common 17-349] Got license for feature 'Implementation' and/or device 'xc7z010'
Running DRC as a precondition to command opt_design

Starting DRC Task
INFO: [DRC 23-27] Running DRC with 2 threads
INFO: [Project 1-461] DRC finished with 0 Errors
INFO: [Project 1-462] Please refer to the DRC report (report_drc) for more information.

Time (s): cpu = 00:00:01 ; elapsed = 00:00:00.060 . Memory (MB): peak = 569.641 ; gain = 2.992
INFO: [Timing 38-35] Done setting XDC timing constraints.

Starting Logic Optimization Task
Implement Debug Cores | Checksum: 24bdd153a

Phase 1 Retarget
INFO: [Opt 31-138] Pushed 0 inverter(s) to 0 load pin(s).
INFO: [Opt 31-49] Retargeted 0 cell(s).
Phase 1 Retarget | Checksum: 1ff0eec6f

Time (s): cpu = 00:00:00 ; elapsed = 00:00:00.160 . Memory (MB): peak = 923.625 ; gain = 0.000

Phase 2 Constant Propagation
INFO: [Opt 31-138] Pushed 0 inverter(s) to 0 load pin(s).
INFO: [Opt 31-10] Eliminated 0 cells.
Phase 2 Constant Propagation | Checksum: 1ff0eec6f

Time (s): cpu = 00:00:00 ; elapsed = 00:00:00.280 . Memory (MB): peak = 923.625 ; gain = 0.000

Phase 3 Sweep
INFO: [Opt 31-12] Eliminated 14 unconnected nets.
INFO: [Opt 31-11] Eliminated 86 unconnected cells.
Phase 3 Sweep | Checksum: 18f47045d

Time (s): cpu = 00:00:00 ; elapsed = 00:00:01 . Memory (MB): peak = 923.625 ; gain = 0.000

Starting Connectivity Check Task

Time (s): cpu = 00:00:00 ; elapsed = 00:00:00 . Memory (MB): peak = 923.625 ; gain = 0.000
Ending Logic Optimization Task | Checksum: 18f47045d

Time (s): cpu = 00:00:00 ; elapsed = 00:00:01 . Memory (MB): peak = 923.625 ; gain = 0.000

Starting Power Optimization Task
INFO: [Pwropt 34-132] Skipping clock gating for clocks with a period < 2.00 ns.
Ending Power Optimization Task | Checksum: 18f47045d

Time (s): cpu = 00:00:00 ; elapsed = 00:00:00.010 . Memory (MB): peak = 923.625 ; gain = 0.000
INFO: [Common 17-83] Releasing license: Implementation
20 Infos, 0 Warnings, 0 Critical Warnings and 0 Errors encountered.
opt_design completed successfully
opt_design: Time (s): cpu = 00:00:11 ; elapsed = 00:00:12 . Memory (MB): peak = 923.625 ; gain = 356.977
Writing placer database...
Writing XDEF routing.
Writing XDEF routing logical nets.
Writing XDEF routing special nets.
Write XDEF Complete: Time (s): cpu = 00:00:00 ; elapsed = 00:00:00.090 . Memory (MB): peak = 923.625 ; gain = 0.000
INFO: [DRC 23-27] Running DRC with 2 threads
INFO: [Coretcl 2-168] The results of DRC are in file C:/Users/bing/temp/vivado_test/DJ_2/DJ_2.runs/impl_1/design_1_wrapper_drc_opted.rpt.
INFO: [Chipscope 16-241] No debug cores found in the current design.
Before running the implement_debug_core command, either use the Set Up Debug wizard (GUI mode)
or use the create_debug_core and connect_debug_core Tcl commands to insert debug cores into the design.
Command: place_design
Attempting to get a license for feature 'Implementation' and/or device 'xc7z010'
INFO: [Common 17-349] Got license for feature 'Implementation' and/or device 'xc7z010'
INFO: [DRC 23-27] Running DRC with 2 threads
INFO: [Vivado_Tcl 4-198] DRC finished with 0 Errors
INFO: [Vivado_Tcl 4-199] Please refer to the DRC report (report_drc) for more information.
Running DRC as a precondition to command place_design
INFO: [DRC 23-27] Running DRC with 2 threads
INFO: [Vivado_Tcl 4-198] DRC finished with 0 Errors
INFO: [Vivado_Tcl 4-199] Please refer to the DRC report (report_drc) for more information.

Starting Placer Task
INFO: [Place 30-611] Multithreading enabled for place_design using a maximum of 2 CPUs

Phase 1 Placer Initialization
Netlist sorting complete. Time (s): cpu = 00:00:00 ; elapsed = 00:00:00 . Memory (MB): peak = 923.625 ; gain = 0.000
Netlist sorting complete. Time (s): cpu = 00:00:00 ; elapsed = 00:00:00 . Memory (MB): peak = 923.625 ; gain = 0.000

Phase 1.1 IO Placement/ Clock Placement/ Build Placer Device

Phase 1.1.1 ParallelPlaceIOClockAndInitTop

Phase 1.1.1.1 Pre-Place Cells
Phase 1.1.1.1 Pre-Place Cells | Checksum: dc6d8043

Time (s): cpu = 00:00:00 ; elapsed = 00:00:00.050 . Memory (MB): peak = 923.625 ; gain = 0.000

Phase 1.1.1.2 Constructing HAPIClkRuleMgr
Phase 1.1.1.2 Constructing HAPIClkRuleMgr | Checksum: dc6d8043

Time (s): cpu = 00:00:01 ; elapsed = 00:00:00.650 . Memory (MB): peak = 923.625 ; gain = 0.000
INFO: [Timing 38-35] Done setting XDC timing constraints.

Phase 1.1.1.3 IO and Clk Clean Up

Phase 1.1.1.3.1 Constructing HAPIClkRuleMgr
Phase 1.1.1.3.1 Constructing HAPIClkRuleMgr | Checksum: dc6d8043

Time (s): cpu = 00:00:03 ; elapsed = 00:00:02 . Memory (MB): peak = 937.723 ; gain = 14.098
Phase 1.1.1.3 IO and Clk Clean Up | Checksum: dc6d8043

Time (s): cpu = 00:00:03 ; elapsed = 00:00:02 . Memory (MB): peak = 937.723 ; gain = 14.098

Phase 1.1.1.4 Implementation Feasibility check On IDelay
Phase 1.1.1.4 Implementation Feasibility check On IDelay | Checksum: dc6d8043

Time (s): cpu = 00:00:03 ; elapsed = 00:00:02 . Memory (MB): peak = 937.723 ; gain = 14.098

Phase 1.1.1.5 Commit IO Placement
Phase 1.1.1.5 Commit IO Placement | Checksum: dc6d8043

Time (s): cpu = 00:00:03 ; elapsed = 00:00:02 . Memory (MB): peak = 937.723 ; gain = 14.098
Phase 1.1.1 ParallelPlaceIOClockAndInitTop | Checksum: dc6d8043

Time (s): cpu = 00:00:03 ; elapsed = 00:00:02 . Memory (MB): peak = 937.723 ; gain = 14.098
Phase 1.1 IO Placement/ Clock Placement/ Build Placer Device | Checksum: 195b44e08

Time (s): cpu = 00:00:03 ; elapsed = 00:00:02 . Memory (MB): peak = 937.723 ; gain = 14.098

Phase 1.2 Build Placer Netlist Model

Phase 1.2.1 Place Init Design

Phase 1.2.1.1 Make Others
Phase 1.2.1.1 Make Others | Checksum: 1df001ea4

Time (s): cpu = 00:00:03 ; elapsed = 00:00:02 . Memory (MB): peak = 937.723 ; gain = 14.098
Phase 1.2.1 Place Init Design | Checksum: 1bc645f85

Time (s): cpu = 00:00:03 ; elapsed = 00:00:02 . Memory (MB): peak = 937.723 ; gain = 14.098
Phase 1.2 Build Placer Netlist Model | Checksum: 1bc645f85

Time (s): cpu = 00:00:03 ; elapsed = 00:00:02 . Memory (MB): peak = 937.723 ; gain = 14.098

Phase 1.3 Constrain Clocks/Macros
Phase 1.3 Constrain Clocks/Macros | Checksum: 1bc645f85

Time (s): cpu = 00:00:03 ; elapsed = 00:00:02 . Memory (MB): peak = 937.723 ; gain = 14.098
Phase 1 Placer Initialization | Checksum: 1bc645f85

Time (s): cpu = 00:00:03 ; elapsed = 00:00:02 . Memory (MB): peak = 937.723 ; gain = 14.098

Phase 2 Global Placement
Phase 2 Global Placement | Checksum: 1f489cce7

Time (s): cpu = 00:00:03 ; elapsed = 00:00:02 . Memory (MB): peak = 937.723 ; gain = 14.098

Phase 3 Detail Placement

Phase 3.1 Commit Multi Column Macros
Phase 3.1 Commit Multi Column Macros | Checksum: 1f489cce7

Time (s): cpu = 00:00:03 ; elapsed = 00:00:02 . Memory (MB): peak = 937.723 ; gain = 14.098

Phase 3.2 Commit Most Macros & LUTRAMs
Phase 3.2 Commit Most Macros & LUTRAMs | Checksum: 1a92c5d25

Time (s): cpu = 00:00:03 ; elapsed = 00:00:02 . Memory (MB): peak = 937.723 ; gain = 14.098

Phase 3.3 Area Swap Optimization
Phase 3.3 Area Swap Optimization | Checksum: 1a7214b12

Time (s): cpu = 00:00:03 ; elapsed = 00:00:02 . Memory (MB): peak = 937.723 ; gain = 14.098

Phase 3.4 Small Shape Detail Placement
Phase 3.4 Small Shape Detail Placement | Checksum: 18355f8ab

Time (s): cpu = 00:00:03 ; elapsed = 00:00:02 . Memory (MB): peak = 937.723 ; gain = 14.098

Phase 3.5 Re-assign LUT pins
Phase 3.5 Re-assign LUT pins | Checksum: 18355f8ab

Time (s): cpu = 00:00:03 ; elapsed = 00:00:02 . Memory (MB): peak = 937.723 ; gain = 14.098

Phase 3.6 Pipeline Register Optimization
Phase 3.6 Pipeline Register Optimization | Checksum: 18355f8ab

Time (s): cpu = 00:00:03 ; elapsed = 00:00:02 . Memory (MB): peak = 937.723 ; gain = 14.098
Phase 3 Detail Placement | Checksum: 18355f8ab

Time (s): cpu = 00:00:03 ; elapsed = 00:00:02 . Memory (MB): peak = 937.723 ; gain = 14.098

Phase 4 Post Placement Optimization and Clean-Up

Phase 4.1 Post Commit Optimization
Phase 4.1 Post Commit Optimization | Checksum: 18355f8ab

Time (s): cpu = 00:00:03 ; elapsed = 00:00:02 . Memory (MB): peak = 937.723 ; gain = 14.098

Phase 4.2 Sweep Clock Roots: Post-Placement
Phase 4.2 Sweep Clock Roots: Post-Placement | Checksum: 18355f8ab

Time (s): cpu = 00:00:03 ; elapsed = 00:00:02 . Memory (MB): peak = 937.723 ; gain = 14.098

Phase 4.3 Post Placement Cleanup
Phase 4.3 Post Placement Cleanup | Checksum: 18355f8ab

Time (s): cpu = 00:00:03 ; elapsed = 00:00:02 . Memory (MB): peak = 937.723 ; gain = 14.098

Phase 4.4 Placer Reporting
Phase 4.4 Placer Reporting | Checksum: 18355f8ab

Time (s): cpu = 00:00:03 ; elapsed = 00:00:02 . Memory (MB): peak = 937.723 ; gain = 14.098

Phase 4.5 Final Placement Cleanup
Phase 4.5 Final Placement Cleanup | Checksum: 18355f8ab

Time (s): cpu = 00:00:03 ; elapsed = 00:00:02 . Memory (MB): peak = 937.723 ; gain = 14.098
Phase 4 Post Placement Optimization and Clean-Up | Checksum: 18355f8ab

Time (s): cpu = 00:00:03 ; elapsed = 00:00:02 . Memory (MB): peak = 937.723 ; gain = 14.098
Ending Placer Task | Checksum: ecac609f

Time (s): cpu = 00:00:03 ; elapsed = 00:00:02 . Memory (MB): peak = 937.723 ; gain = 14.098
INFO: [Common 17-83] Releasing license: Implementation
33 Infos, 0 Warnings, 0 Critical Warnings and 0 Errors encountered.
place_design completed successfully
Writing placer database...
Writing XDEF routing.
Writing XDEF routing logical nets.
Writing XDEF routing special nets.
Write XDEF Complete: Time (s): cpu = 00:00:00 ; elapsed = 00:00:00.100 . Memory (MB): peak = 937.723 ; gain = 0.000
report_io: Time (s): cpu = 00:00:00 ; elapsed = 00:00:00.070 . Memory (MB): peak = 938.105 ; gain = 0.383
report_utilization: Time (s): cpu = 00:00:00 ; elapsed = 00:00:00.030 . Memory (MB): peak = 938.105 ; gain = 0.000
report_control_sets: Time (s): cpu = 00:00:00 ; elapsed = 00:00:00 . Memory (MB): peak = 938.105 ; gain = 0.000
Command: route_design
Attempting to get a license for feature 'Implementation' and/or device 'xc7z010'
INFO: [Common 17-349] Got license for feature 'Implementation' and/or device 'xc7z010'
Running DRC as a precondition to command route_design
INFO: [DRC 23-27] Running DRC with 2 threads
INFO: [Vivado_Tcl 4-198] DRC finished with 0 Errors
INFO: [Vivado_Tcl 4-199] Please refer to the DRC report (report_drc) for more information.


Starting Routing Task
INFO: [Route 35-254] Multithreading enabled for route_design using a maximum of 2 CPUs
Checksum: PlaceDB: 336592da ConstDB: 0 ShapeSum: b946cdc5 RouteDB: 0

Phase 1 Build RT Design
Phase 1 Build RT Design | Checksum: 12aa2994d

Time (s): cpu = 00:00:20 ; elapsed = 00:00:19 . Memory (MB): peak = 1007.129 ; gain = 69.023

Phase 2 Router Initialization
INFO: [Route 35-64] No timing constraints were detected. The router will operate in resource-optimization mode.

Phase 2.1 Fix Topology Constraints
Phase 2.1 Fix Topology Constraints | Checksum: 12aa2994d

Time (s): cpu = 00:00:20 ; elapsed = 00:00:19 . Memory (MB): peak = 1013.203 ; gain = 75.098

Phase 2.2 Pre Route Cleanup
Phase 2.2 Pre Route Cleanup | Checksum: 12aa2994d

Time (s): cpu = 00:00:20 ; elapsed = 00:00:19 . Memory (MB): peak = 1013.203 ; gain = 75.098
 Number of Nodes with overlaps = 0
Phase 2 Router Initialization | Checksum: daf9c39a

Time (s): cpu = 00:00:21 ; elapsed = 00:00:21 . Memory (MB): peak = 1013.570 ; gain = 75.465

Phase 3 Initial Routing
Phase 3 Initial Routing | Checksum: 12013ed50

Time (s): cpu = 00:00:21 ; elapsed = 00:00:21 . Memory (MB): peak = 1013.570 ; gain = 75.465

Phase 4 Rip-up And Reroute

Phase 4.1 Global Iteration 0
 Number of Nodes with overlaps = 0
Phase 4.1 Global Iteration 0 | Checksum: b339e8f5

Time (s): cpu = 00:00:21 ; elapsed = 00:00:21 . Memory (MB): peak = 1013.570 ; gain = 75.465
Phase 4 Rip-up And Reroute | Checksum: b339e8f5

Time (s): cpu = 00:00:21 ; elapsed = 00:00:21 . Memory (MB): peak = 1013.570 ; gain = 75.465

Phase 5 Delay and Skew Optimization
Phase 5 Delay and Skew Optimization | Checksum: b339e8f5

Time (s): cpu = 00:00:21 ; elapsed = 00:00:21 . Memory (MB): peak = 1013.570 ; gain = 75.465

Phase 6 Post Hold Fix

Phase 6.1 Hold Fix Iter
Phase 6.1 Hold Fix Iter | Checksum: b339e8f5

Time (s): cpu = 00:00:21 ; elapsed = 00:00:21 . Memory (MB): peak = 1013.570 ; gain = 75.465
Phase 6 Post Hold Fix | Checksum: b339e8f5

Time (s): cpu = 00:00:21 ; elapsed = 00:00:21 . Memory (MB): peak = 1013.570 ; gain = 75.465

Phase 7 Route finalize

Router Utilization Summary
  Global Vertical Routing Utilization    = 0.0923423 %
  Global Horizontal Routing Utilization  = 0.0854779 %
  Routable Net Status*
  *Does not include unroutable nets such as driverless and loadless.
  Run report_route_status for detailed report.
  Number of Failed Nets               = 0
  Number of Unrouted Nets             = 0
  Number of Partially Routed Nets     = 0
  Number of Node Overlaps             = 0

Congestion Report
North Dir 1x1 Area, Max Cong = 12.6126%, No Congested Regions.
South Dir 1x1 Area, Max Cong = 5.40541%, No Congested Regions.
East Dir 1x1 Area, Max Cong = 26.4706%, No Congested Regions.
West Dir 1x1 Area, Max Cong = 8.82353%, No Congested Regions.
Phase 7 Route finalize | Checksum: b339e8f5

Time (s): cpu = 00:00:21 ; elapsed = 00:00:21 . Memory (MB): peak = 1013.727 ; gain = 75.621

Phase 8 Verifying routed nets

 Verification completed successfully
Phase 8 Verifying routed nets | Checksum: b339e8f5

Time (s): cpu = 00:00:21 ; elapsed = 00:00:21 . Memory (MB): peak = 1015.836 ; gain = 77.730

Phase 9 Depositing Routes
Phase 9 Depositing Routes | Checksum: 115562b0d

Time (s): cpu = 00:00:21 ; elapsed = 00:00:21 . Memory (MB): peak = 1015.836 ; gain = 77.730
INFO: [Route 35-16] Router Completed Successfully

Time (s): cpu = 00:00:21 ; elapsed = 00:00:21 . Memory (MB): peak = 1015.836 ; gain = 77.730

Routing Is Done.
INFO: [Common 17-83] Releasing license: Implementation
41 Infos, 0 Warnings, 0 Critical Warnings and 0 Errors encountered.
route_design completed successfully
route_design: Time (s): cpu = 00:00:22 ; elapsed = 00:00:22 . Memory (MB): peak = 1015.836 ; gain = 77.730
Writing placer database...
Writing XDEF routing.
Writing XDEF routing logical nets.
Writing XDEF routing special nets.
Write XDEF Complete: Time (s): cpu = 00:00:00 ; elapsed = 00:00:00.210 . Memory (MB): peak = 1015.836 ; gain = 0.000
INFO: [DRC 23-27] Running DRC with 2 threads
INFO: [Coretcl 2-168] The results of DRC are in file C:/Users/bing/temp/vivado_test/DJ_2/DJ_2.runs/impl_1/design_1_wrapper_drc_routed.rpt.
INFO: [Timing 38-91] UpdateTimingParams: Speed grade: -1, Delay Type: min_max.
INFO: [Timing 38-191] Multithreading enabled for timing update using a maximum of 2 CPUs
WARNING: [Timing 38-313] There are no user specified timing constraints. Timing constraints are needed for proper timing analysis.
WARNING: [Power 33-232] No user defined clocks were found in the design!
Resolution: Please specify clocks using create_clock/create_generated_clock for sequential elements. For pure combinatorial circuits, please specify a virtual clock, otherwise the vectorless estimation might be inaccurate
Running Vector-less Activity Propagation...

Finished Running Vector-less Activity Propagation
Attempting to get a license for feature 'Implementation' and/or device 'xc7z010'
INFO: [Common 17-349] Got license for feature 'Implementation' and/or device 'xc7z010'
Running DRC as a precondition to command write_bitstream
INFO: [DRC 23-27] Running DRC with 2 threads
INFO: [Vivado 12-3199] DRC finished with 0 Errors
INFO: [Vivado 12-3200] Please refer to the DRC report (report_drc) for more information.
INFO: [Designutils 20-2272] Running write_bitstream with 2 threads.
Loading data files...
Loading site data...
Loading route data...
Processing options...
Creating bitmap...
Creating bitstream...
Writing bitstream ./design_1_wrapper.bit...
INFO: [Vivado 12-1842] Bitgen Completed Successfully.
INFO: [Project 1-120] WebTalk data collection is mandatory when using a WebPACK part without a full Vivado license. To see the specific WebTalk data collected for your design, open the usage_statistics_webtalk.html or usage_statistics_webtalk.xml file in the implementation directory.
INFO: [Common 17-83] Releasing license: Implementation
write_bitstream: Time (s): cpu = 00:00:18 ; elapsed = 00:00:24 . Memory (MB): peak = 1364.996 ; gain = 329.781
INFO: [Common 17-206] Exiting Vivado at Thu Mar 30 10:44:53 2017...

*** Running vivado
    with args -log design_1_wrapper.vdi -applog -m64 -messageDb vivado.pb -mode batch -source design_1_wrapper.tcl -notrace


****** Vivado v2016.2 (64-bit)
  **** SW Build 1577090 on Thu Jun  2 16:32:40 MDT 2016
  **** IP Build 1577682 on Fri Jun  3 12:00:54 MDT 2016
    ** Copyright 1986-2016 Xilinx, Inc. All Rights Reserved.

source design_1_wrapper.tcl -notrace
Command: open_checkpoint design_1_wrapper_routed.dcp

Starting open_checkpoint Task

Time (s): cpu = 00:00:00 ; elapsed = 00:00:00.020 . Memory (MB): peak = 206.785 ; gain = 0.000
INFO: [Netlist 29-17] Analyzing 5 Unisim elements for replacement
INFO: [Netlist 29-28] Unisim Transformation completed in 0 CPU seconds
INFO: [Project 1-479] Netlist was created with Vivado 2016.2
INFO: [Device 21-403] Loading part xc7z010clg400-1
INFO: [Project 1-570] Preparing netlist for logic optimization
Parsing XDC File [C:/Users/bing/temp/vivado_test/DJ_2/DJ_2.runs/impl_1/.Xil/Vivado-11808-DESKTOP-6T2CTD3/dcp/design_1_wrapper_early.xdc]
Finished Parsing XDC File [C:/Users/bing/temp/vivado_test/DJ_2/DJ_2.runs/impl_1/.Xil/Vivado-11808-DESKTOP-6T2CTD3/dcp/design_1_wrapper_early.xdc]
Parsing XDC File [C:/Users/bing/temp/vivado_test/DJ_2/DJ_2.runs/impl_1/.Xil/Vivado-11808-DESKTOP-6T2CTD3/dcp/design_1_wrapper.xdc]
Finished Parsing XDC File [C:/Users/bing/temp/vivado_test/DJ_2/DJ_2.runs/impl_1/.Xil/Vivado-11808-DESKTOP-6T2CTD3/dcp/design_1_wrapper.xdc]
Reading XDEF placement.
Reading placer database...
Reading XDEF routing.
Read XDEF File: Time (s): cpu = 00:00:00 ; elapsed = 00:00:00.247 . Memory (MB): peak = 567.391 ; gain = 0.000
Restored from archive | CPU: 1.000000 secs | Memory: 0.000000 MB |
Finished XDEF File Restore: Time (s): cpu = 00:00:00 ; elapsed = 00:00:00.248 . Memory (MB): peak = 567.391 ; gain = 0.000
INFO: [Project 1-111] Unisim Transformation Summary:
  A total of 2 instances were transformed.
  IOBUF => IOBUF (IBUF, OBUFT): 2 instances

INFO: [Project 1-604] Checkpoint was created with Vivado v2016.2 (64-bit) build 1577090
open_checkpoint: Time (s): cpu = 00:00:07 ; elapsed = 00:00:08 . Memory (MB): peak = 567.391 ; gain = 360.605
Attempting to get a license for feature 'Implementation' and/or device 'xc7z010'
INFO: [Common 17-349] Got license for feature 'Implementation' and/or device 'xc7z010'
Running DRC as a precondition to command write_bitstream
INFO: [DRC 23-27] Running DRC with 2 threads
INFO: [Vivado 12-3199] DRC finished with 0 Errors
INFO: [Vivado 12-3200] Please refer to the DRC report (report_drc) for more information.
INFO: [Designutils 20-2272] Running write_bitstream with 2 threads.
Loading data files...
Loading site data...
Loading route data...
Processing options...
Creating bitmap...
Creating bitstream...
Writing bitstream ./design_1_wrapper.bit...
INFO: [Vivado 12-1842] Bitgen Completed Successfully.
INFO: [Project 1-120] WebTalk data collection is mandatory when using a WebPACK part without a full Vivado license. To see the specific WebTalk data collected for your design, open the usage_statistics_webtalk.html or usage_statistics_webtalk.xml file in the implementation directory.
INFO: [Common 17-83] Releasing license: Implementation
write_bitstream: Time (s): cpu = 00:00:15 ; elapsed = 00:00:18 . Memory (MB): peak = 910.297 ; gain = 342.906
INFO: [Common 17-206] Exiting Vivado at Thu Mar 30 10:59:57 2017...
