
*** Running vivado
    with args -log design_1_wrapper.vdi -applog -m64 -messageDb vivado.pb -mode batch -source design_1_wrapper.tcl -notrace


****** Vivado v2016.2 (64-bit)
  **** SW Build 1577090 on Thu Jun  2 16:32:40 MDT 2016
  **** IP Build 1577682 on Fri Jun  3 12:00:54 MDT 2016
    ** Copyright 1986-2016 Xilinx, Inc. All Rights Reserved.

source design_1_wrapper.tcl -notrace
Design is defaulting to srcset: sources_1
Design is defaulting to constrset: constrs_1
INFO: [Netlist 29-17] Analyzing 1 Unisim elements for replacement
INFO: [Netlist 29-28] Unisim Transformation completed in 0 CPU seconds
INFO: [Project 1-479] Netlist was created with Vivado 2016.2
INFO: [Device 21-403] Loading part xc7z010clg400-1
INFO: [Project 1-570] Preparing netlist for logic optimization
Parsing XDC File [c:/Users/bing/temp/vivado_test/DJ_0/DJ_0.srcs/sources_1/bd/design_1/ip/design_1_processing_system7_0_0/design_1_processing_system7_0_0.xdc] for cell 'design_1_i/processing_system7_0/inst'
Finished Parsing XDC File [c:/Users/bing/temp/vivado_test/DJ_0/DJ_0.srcs/sources_1/bd/design_1/ip/design_1_processing_system7_0_0/design_1_processing_system7_0_0.xdc] for cell 'design_1_i/processing_system7_0/inst'
Parsing XDC File [C:/Users/bing/temp/vivado_test/DJ_0/DJ_0.srcs/constrs_1/new/xdc_1.xdc]
WARNING: [Vivado 12-584] No ports matched 'CAN_1_tx'. [C:/Users/bing/temp/vivado_test/DJ_0/DJ_0.srcs/constrs_1/new/xdc_1.xdc:1]
CRITICAL WARNING: [Common 17-55] 'set_property' expects at least one object. [C:/Users/bing/temp/vivado_test/DJ_0/DJ_0.srcs/constrs_1/new/xdc_1.xdc:1]
Resolution: If [get_<value>] was used to populate the object, check to make sure this command returns at least one valid object.
WARNING: [Vivado 12-584] No ports matched 'CAN_0_tx'. [C:/Users/bing/temp/vivado_test/DJ_0/DJ_0.srcs/constrs_1/new/xdc_1.xdc:2]
CRITICAL WARNING: [Common 17-55] 'set_property' expects at least one object. [C:/Users/bing/temp/vivado_test/DJ_0/DJ_0.srcs/constrs_1/new/xdc_1.xdc:2]
Resolution: If [get_<value>] was used to populate the object, check to make sure this command returns at least one valid object.
WARNING: [Vivado 12-584] No ports matched 'CAN_0_rx'. [C:/Users/bing/temp/vivado_test/DJ_0/DJ_0.srcs/constrs_1/new/xdc_1.xdc:3]
CRITICAL WARNING: [Common 17-55] 'set_property' expects at least one object. [C:/Users/bing/temp/vivado_test/DJ_0/DJ_0.srcs/constrs_1/new/xdc_1.xdc:3]
Resolution: If [get_<value>] was used to populate the object, check to make sure this command returns at least one valid object.
WARNING: [Vivado 12-584] No ports matched 'CAN_1_rx'. [C:/Users/bing/temp/vivado_test/DJ_0/DJ_0.srcs/constrs_1/new/xdc_1.xdc:4]
CRITICAL WARNING: [Common 17-55] 'set_property' expects at least one object. [C:/Users/bing/temp/vivado_test/DJ_0/DJ_0.srcs/constrs_1/new/xdc_1.xdc:4]
Resolution: If [get_<value>] was used to populate the object, check to make sure this command returns at least one valid object.
WARNING: [Vivado 12-584] No ports matched 'CAN_0_rx'. [C:/Users/bing/temp/vivado_test/DJ_0/DJ_0.srcs/constrs_1/new/xdc_1.xdc:5]
CRITICAL WARNING: [Common 17-55] 'set_property' expects at least one object. [C:/Users/bing/temp/vivado_test/DJ_0/DJ_0.srcs/constrs_1/new/xdc_1.xdc:5]
Resolution: If [get_<value>] was used to populate the object, check to make sure this command returns at least one valid object.
WARNING: [Vivado 12-584] No ports matched 'CAN_0_tx'. [C:/Users/bing/temp/vivado_test/DJ_0/DJ_0.srcs/constrs_1/new/xdc_1.xdc:6]
CRITICAL WARNING: [Common 17-55] 'set_property' expects at least one object. [C:/Users/bing/temp/vivado_test/DJ_0/DJ_0.srcs/constrs_1/new/xdc_1.xdc:6]
Resolution: If [get_<value>] was used to populate the object, check to make sure this command returns at least one valid object.
WARNING: [Vivado 12-584] No ports matched 'CAN_1_rx'. [C:/Users/bing/temp/vivado_test/DJ_0/DJ_0.srcs/constrs_1/new/xdc_1.xdc:7]
CRITICAL WARNING: [Common 17-55] 'set_property' expects at least one object. [C:/Users/bing/temp/vivado_test/DJ_0/DJ_0.srcs/constrs_1/new/xdc_1.xdc:7]
Resolution: If [get_<value>] was used to populate the object, check to make sure this command returns at least one valid object.
WARNING: [Vivado 12-584] No ports matched 'CAN_1_tx'. [C:/Users/bing/temp/vivado_test/DJ_0/DJ_0.srcs/constrs_1/new/xdc_1.xdc:8]
CRITICAL WARNING: [Common 17-55] 'set_property' expects at least one object. [C:/Users/bing/temp/vivado_test/DJ_0/DJ_0.srcs/constrs_1/new/xdc_1.xdc:8]
Resolution: If [get_<value>] was used to populate the object, check to make sure this command returns at least one valid object.
Finished Parsing XDC File [C:/Users/bing/temp/vivado_test/DJ_0/DJ_0.srcs/constrs_1/new/xdc_1.xdc]
INFO: [Opt 31-138] Pushed 0 inverter(s) to 0 load pin(s).
INFO: [Project 1-111] Unisim Transformation Summary:
No Unisim elements were transformed.

link_design: Time (s): cpu = 00:00:07 ; elapsed = 00:00:07 . Memory (MB): peak = 567.645 ; gain = 335.113
Command: opt_design
Attempting to get a license for feature 'Implementation' and/or device 'xc7z010'
INFO: [Common 17-349] Got license for feature 'Implementation' and/or device 'xc7z010'
Running DRC as a precondition to command opt_design

Starting DRC Task
INFO: [DRC 23-27] Running DRC with 2 threads
INFO: [Project 1-461] DRC finished with 0 Errors
INFO: [Project 1-462] Please refer to the DRC report (report_drc) for more information.

Time (s): cpu = 00:00:00 ; elapsed = 00:00:00.090 . Memory (MB): peak = 570.641 ; gain = 2.996
INFO: [Timing 38-35] Done setting XDC timing constraints.

Starting Logic Optimization Task
Implement Debug Cores | Checksum: 17368ca75

Phase 1 Retarget
INFO: [Opt 31-138] Pushed 0 inverter(s) to 0 load pin(s).
INFO: [Opt 31-49] Retargeted 0 cell(s).
Phase 1 Retarget | Checksum: 1e2283367

Time (s): cpu = 00:00:00 ; elapsed = 00:00:00.120 . Memory (MB): peak = 923.695 ; gain = 0.000

Phase 2 Constant Propagation
INFO: [Opt 31-138] Pushed 0 inverter(s) to 0 load pin(s).
INFO: [Opt 31-10] Eliminated 0 cells.
Phase 2 Constant Propagation | Checksum: 1e2283367

Time (s): cpu = 00:00:00 ; elapsed = 00:00:00.157 . Memory (MB): peak = 923.695 ; gain = 0.000

Phase 3 Sweep
INFO: [Opt 31-12] Eliminated 16 unconnected nets.
INFO: [Opt 31-11] Eliminated 88 unconnected cells.
Phase 3 Sweep | Checksum: 12d808354

Time (s): cpu = 00:00:00 ; elapsed = 00:00:00.330 . Memory (MB): peak = 923.695 ; gain = 0.000

Starting Connectivity Check Task

Time (s): cpu = 00:00:00 ; elapsed = 00:00:00 . Memory (MB): peak = 923.695 ; gain = 0.000
Ending Logic Optimization Task | Checksum: 12d808354

Time (s): cpu = 00:00:00 ; elapsed = 00:00:00.344 . Memory (MB): peak = 923.695 ; gain = 0.000

Starting Power Optimization Task
INFO: [Pwropt 34-132] Skipping clock gating for clocks with a period < 2.00 ns.
Ending Power Optimization Task | Checksum: 12d808354

Time (s): cpu = 00:00:00 ; elapsed = 00:00:00.010 . Memory (MB): peak = 923.695 ; gain = 0.000
INFO: [Common 17-83] Releasing license: Implementation
20 Infos, 8 Warnings, 8 Critical Warnings and 0 Errors encountered.
opt_design completed successfully
opt_design: Time (s): cpu = 00:00:10 ; elapsed = 00:00:11 . Memory (MB): peak = 923.695 ; gain = 356.051
Writing placer database...
Writing XDEF routing.
Writing XDEF routing logical nets.
Writing XDEF routing special nets.
Write XDEF Complete: Time (s): cpu = 00:00:00 ; elapsed = 00:00:00.087 . Memory (MB): peak = 923.695 ; gain = 0.000
INFO: [DRC 23-27] Running DRC with 2 threads
INFO: [Coretcl 2-168] The results of DRC are in file C:/Users/bing/temp/vivado_test/DJ_0/DJ_0.runs/impl_1/design_1_wrapper_drc_opted.rpt.
INFO: [Chipscope 16-241] No debug cores found in the current design.
Before running the implement_debug_core command, either use the Set Up Debug wizard (GUI mode)
or use the create_debug_core and connect_debug_core Tcl commands to insert debug cores into the design.
Command: place_design
Attempting to get a license for feature 'Implementation' and/or device 'xc7z010'
INFO: [Common 17-349] Got license for feature 'Implementation' and/or device 'xc7z010'
INFO: [DRC 23-27] Running DRC with 2 threads
INFO: [Vivado_Tcl 4-198] DRC finished with 0 Errors
INFO: [Vivado_Tcl 4-199] Please refer to the DRC report (report_drc) for more information.
Running DRC as a precondition to command place_design
INFO: [DRC 23-27] Running DRC with 2 threads
INFO: [Vivado_Tcl 4-198] DRC finished with 0 Errors
INFO: [Vivado_Tcl 4-199] Please refer to the DRC report (report_drc) for more information.

Starting Placer Task
INFO: [Place 30-611] Multithreading enabled for place_design using a maximum of 2 CPUs

Phase 1 Placer Initialization
Netlist sorting complete. Time (s): cpu = 00:00:00 ; elapsed = 00:00:00 . Memory (MB): peak = 923.695 ; gain = 0.000
Netlist sorting complete. Time (s): cpu = 00:00:00 ; elapsed = 00:00:00 . Memory (MB): peak = 923.695 ; gain = 0.000

Phase 1.1 IO Placement/ Clock Placement/ Build Placer Device

Phase 1.1.1 ParallelPlaceIOClockAndInitTop

Phase 1.1.1.1 Pre-Place Cells
Phase 1.1.1.1 Pre-Place Cells | Checksum: a8582c3b

Time (s): cpu = 00:00:00 ; elapsed = 00:00:00.040 . Memory (MB): peak = 923.695 ; gain = 0.000

Phase 1.1.1.2 Constructing HAPIClkRuleMgr
Phase 1.1.1.2 Constructing HAPIClkRuleMgr | Checksum: a8582c3b

Time (s): cpu = 00:00:00 ; elapsed = 00:00:00.479 . Memory (MB): peak = 923.695 ; gain = 0.000
WARNING: [Place 30-879] Found overlapping PBlocks. The use of overlapping PBlocks is not recommended as it may lead to legalization errors or unplaced instances.
WARNING: [Place 30-12] An IO Bus FIXED_IO_mio with more than one IO standard is found. Components associated with this bus are: 
	FIXED_IO_mio[53] of IOStandard LVCMOS18
	FIXED_IO_mio[52] of IOStandard LVCMOS18
	FIXED_IO_mio[51] of IOStandard LVCMOS18
	FIXED_IO_mio[50] of IOStandard LVCMOS18
	FIXED_IO_mio[49] of IOStandard LVCMOS18
	FIXED_IO_mio[48] of IOStandard LVCMOS18
	FIXED_IO_mio[47] of IOStandard LVCMOS18
	FIXED_IO_mio[46] of IOStandard LVCMOS18
	FIXED_IO_mio[45] of IOStandard LVCMOS18
	FIXED_IO_mio[44] of IOStandard LVCMOS18
	FIXED_IO_mio[43] of IOStandard LVCMOS18
	FIXED_IO_mio[42] of IOStandard LVCMOS18
	FIXED_IO_mio[41] of IOStandard LVCMOS18
	FIXED_IO_mio[40] of IOStandard LVCMOS18
	FIXED_IO_mio[39] of IOStandard LVCMOS18
	FIXED_IO_mio[38] of IOStandard LVCMOS18
	FIXED_IO_mio[37] of IOStandard LVCMOS18
	FIXED_IO_mio[36] of IOStandard LVCMOS18
	FIXED_IO_mio[35] of IOStandard LVCMOS18
	FIXED_IO_mio[34] of IOStandard LVCMOS18
	FIXED_IO_mio[33] of IOStandard LVCMOS18
	FIXED_IO_mio[32] of IOStandard LVCMOS18
	FIXED_IO_mio[31] of IOStandard LVCMOS18
	FIXED_IO_mio[30] of IOStandard LVCMOS18
	FIXED_IO_mio[29] of IOStandard LVCMOS18
	FIXED_IO_mio[28] of IOStandard LVCMOS18
	FIXED_IO_mio[27] of IOStandard LVCMOS18
	FIXED_IO_mio[26] of IOStandard LVCMOS18
	FIXED_IO_mio[25] of IOStandard LVCMOS18
	FIXED_IO_mio[24] of IOStandard LVCMOS18
	FIXED_IO_mio[23] of IOStandard LVCMOS18
	FIXED_IO_mio[22] of IOStandard LVCMOS18
	FIXED_IO_mio[21] of IOStandard LVCMOS18
	FIXED_IO_mio[20] of IOStandard LVCMOS18
	FIXED_IO_mio[19] of IOStandard LVCMOS18
	FIXED_IO_mio[18] of IOStandard LVCMOS18
	FIXED_IO_mio[17] of IOStandard LVCMOS18
	FIXED_IO_mio[16] of IOStandard LVCMOS18
	FIXED_IO_mio[15] of IOStandard LVCMOS33
	FIXED_IO_mio[14] of IOStandard LVCMOS33
	FIXED_IO_mio[13] of IOStandard LVCMOS33
	FIXED_IO_mio[12] of IOStandard LVCMOS33
	FIXED_IO_mio[11] of IOStandard LVCMOS18
	FIXED_IO_mio[10] of IOStandard LVCMOS18
	FIXED_IO_mio[9] of IOStandard LVCMOS18
	FIXED_IO_mio[8] of IOStandard LVCMOS18
	FIXED_IO_mio[7] of IOStandard LVCMOS18
	FIXED_IO_mio[6] of IOStandard LVCMOS18
	FIXED_IO_mio[5] of IOStandard LVCMOS18
	FIXED_IO_mio[4] of IOStandard LVCMOS18
	FIXED_IO_mio[3] of IOStandard LVCMOS18
	FIXED_IO_mio[2] of IOStandard LVCMOS18
	FIXED_IO_mio[1] of IOStandard LVCMOS18
	FIXED_IO_mio[0] of IOStandard LVCMOS18
INFO: [Timing 38-35] Done setting XDC timing constraints.

Phase 1.1.1.3 IO and Clk Clean Up

Phase 1.1.1.3.1 Constructing HAPIClkRuleMgr
Phase 1.1.1.3.1 Constructing HAPIClkRuleMgr | Checksum: a8582c3b

Time (s): cpu = 00:00:01 ; elapsed = 00:00:02 . Memory (MB): peak = 937.422 ; gain = 13.727
Phase 1.1.1.3 IO and Clk Clean Up | Checksum: a8582c3b

Time (s): cpu = 00:00:01 ; elapsed = 00:00:02 . Memory (MB): peak = 937.422 ; gain = 13.727

Phase 1.1.1.4 Implementation Feasibility check On IDelay
Phase 1.1.1.4 Implementation Feasibility check On IDelay | Checksum: a8582c3b

Time (s): cpu = 00:00:01 ; elapsed = 00:00:02 . Memory (MB): peak = 937.422 ; gain = 13.727

Phase 1.1.1.5 Commit IO Placement
Phase 1.1.1.5 Commit IO Placement | Checksum: a8582c3b

Time (s): cpu = 00:00:01 ; elapsed = 00:00:02 . Memory (MB): peak = 937.422 ; gain = 13.727
Phase 1.1.1 ParallelPlaceIOClockAndInitTop | Checksum: a8582c3b

Time (s): cpu = 00:00:01 ; elapsed = 00:00:02 . Memory (MB): peak = 937.422 ; gain = 13.727
Phase 1.1 IO Placement/ Clock Placement/ Build Placer Device | Checksum: 141ff7652

Time (s): cpu = 00:00:01 ; elapsed = 00:00:02 . Memory (MB): peak = 937.422 ; gain = 13.727

Phase 1.2 Build Placer Netlist Model

Phase 1.2.1 Place Init Design

Phase 1.2.1.1 Make Others
Phase 1.2.1.1 Make Others | Checksum: 224ee52d2

Time (s): cpu = 00:00:01 ; elapsed = 00:00:02 . Memory (MB): peak = 937.422 ; gain = 13.727
Phase 1.2.1 Place Init Design | Checksum: 224ee52d2

Time (s): cpu = 00:00:01 ; elapsed = 00:00:02 . Memory (MB): peak = 937.422 ; gain = 13.727
Phase 1.2 Build Placer Netlist Model | Checksum: 224ee52d2

Time (s): cpu = 00:00:01 ; elapsed = 00:00:02 . Memory (MB): peak = 937.422 ; gain = 13.727

Phase 1.3 Constrain Clocks/Macros
Phase 1.3 Constrain Clocks/Macros | Checksum: 224ee52d2

Time (s): cpu = 00:00:01 ; elapsed = 00:00:02 . Memory (MB): peak = 937.422 ; gain = 13.727
Phase 1 Placer Initialization | Checksum: 224ee52d2

Time (s): cpu = 00:00:01 ; elapsed = 00:00:02 . Memory (MB): peak = 937.422 ; gain = 13.727

Phase 2 Final Placement Cleanup
Phase 2 Final Placement Cleanup | Checksum: 224ee52d2

Time (s): cpu = 00:00:01 ; elapsed = 00:00:02 . Memory (MB): peak = 937.422 ; gain = 13.727
INFO: [Place 30-281] No place-able instance is found; design doesn't contain any instance or all instances are placed
Ending Placer Task | Checksum: 141ff7652

Time (s): cpu = 00:00:01 ; elapsed = 00:00:02 . Memory (MB): peak = 937.422 ; gain = 13.727
INFO: [Common 17-83] Releasing license: Implementation
34 Infos, 10 Warnings, 8 Critical Warnings and 0 Errors encountered.
place_design completed successfully
Writing placer database...
Writing XDEF routing.
Writing XDEF routing logical nets.
Writing XDEF routing special nets.
Write XDEF Complete: Time (s): cpu = 00:00:01 ; elapsed = 00:00:00.079 . Memory (MB): peak = 937.422 ; gain = 0.000
report_io: Time (s): cpu = 00:00:00 ; elapsed = 00:00:00.059 . Memory (MB): peak = 937.422 ; gain = 0.000
report_utilization: Time (s): cpu = 00:00:00 ; elapsed = 00:00:00.020 . Memory (MB): peak = 937.422 ; gain = 0.000
report_control_sets: Time (s): cpu = 00:00:00 ; elapsed = 00:00:00.007 . Memory (MB): peak = 937.422 ; gain = 0.000
Command: route_design
Attempting to get a license for feature 'Implementation' and/or device 'xc7z010'
INFO: [Common 17-349] Got license for feature 'Implementation' and/or device 'xc7z010'
Running DRC as a precondition to command route_design
INFO: [DRC 23-27] Running DRC with 2 threads
WARNING: [DRC 23-20] Rule violation (PLIO-7) Placement Constraints Check for IO constraints - An IO Bus FIXED_IO_mio[53:0] with more than one IO standard is found. Components associated with this bus are: LVCMOS33 (FIXED_IO_mio[15], FIXED_IO_mio[14], FIXED_IO_mio[13], FIXED_IO_mio[12]); LVCMOS18 (FIXED_IO_mio[53], FIXED_IO_mio[52], FIXED_IO_mio[51], FIXED_IO_mio[50], FIXED_IO_mio[49], FIXED_IO_mio[48], FIXED_IO_mio[47], FIXED_IO_mio[46], FIXED_IO_mio[45], FIXED_IO_mio[44], FIXED_IO_mio[43], FIXED_IO_mio[42], FIXED_IO_mio[41], FIXED_IO_mio[40], FIXED_IO_mio[39] (the first 15 of 50 listed)); 
INFO: [Vivado_Tcl 4-198] DRC finished with 0 Errors, 1 Warnings
INFO: [Vivado_Tcl 4-199] Please refer to the DRC report (report_drc) for more information.


Starting Routing Task
INFO: [Route 35-254] Multithreading enabled for route_design using a maximum of 2 CPUs
Checksum: PlaceDB: a8582c3b ConstDB: 0 ShapeSum: 99a74a17 RouteDB: 0

Phase 1 Build RT Design
Phase 1 Build RT Design | Checksum: 11e52ed8e

Time (s): cpu = 00:00:15 ; elapsed = 00:00:14 . Memory (MB): peak = 1023.641 ; gain = 86.219

Phase 2 Router Initialization
INFO: [Route 35-64] No timing constraints were detected. The router will operate in resource-optimization mode.

Phase 2.1 Fix Topology Constraints
Phase 2.1 Fix Topology Constraints | Checksum: 11e52ed8e

Time (s): cpu = 00:00:15 ; elapsed = 00:00:14 . Memory (MB): peak = 1029.703 ; gain = 92.281

Phase 2.2 Pre Route Cleanup
Phase 2.2 Pre Route Cleanup | Checksum: 11e52ed8e

Time (s): cpu = 00:00:15 ; elapsed = 00:00:14 . Memory (MB): peak = 1029.703 ; gain = 92.281
 Number of Nodes with overlaps = 0
Phase 2 Router Initialization | Checksum: 1259da2ef

Time (s): cpu = 00:00:15 ; elapsed = 00:00:14 . Memory (MB): peak = 1029.703 ; gain = 92.281

Phase 3 Initial Routing
 Number of Nodes with overlaps = 0
Phase 3 Initial Routing | Checksum: 4fe50085

Time (s): cpu = 00:00:15 ; elapsed = 00:00:14 . Memory (MB): peak = 1029.703 ; gain = 92.281

Phase 4 Rip-up And Reroute

Phase 4.1 Global Iteration 0
Phase 4.1 Global Iteration 0 | Checksum: 4fe50085

Time (s): cpu = 00:00:15 ; elapsed = 00:00:14 . Memory (MB): peak = 1029.703 ; gain = 92.281

Phase 4.2 Global Iteration 1
Phase 4.2 Global Iteration 1 | Checksum: 4fe50085

Time (s): cpu = 00:00:15 ; elapsed = 00:00:14 . Memory (MB): peak = 1029.703 ; gain = 92.281

Phase 4.3 Global Iteration 2
Phase 4.3 Global Iteration 2 | Checksum: 4fe50085

Time (s): cpu = 00:00:15 ; elapsed = 00:00:14 . Memory (MB): peak = 1029.703 ; gain = 92.281

Phase 4.4 Global Iteration 3
Phase 4.4 Global Iteration 3 | Checksum: 4fe50085

Time (s): cpu = 00:00:15 ; elapsed = 00:00:14 . Memory (MB): peak = 1029.703 ; gain = 92.281

Phase 4.5 Global Iteration 4
Phase 4.5 Global Iteration 4 | Checksum: 4fe50085

Time (s): cpu = 00:00:15 ; elapsed = 00:00:14 . Memory (MB): peak = 1029.703 ; gain = 92.281
Phase 4 Rip-up And Reroute | Checksum: 4fe50085

Time (s): cpu = 00:00:15 ; elapsed = 00:00:14 . Memory (MB): peak = 1029.703 ; gain = 92.281

Phase 5 Delay and Skew Optimization
Phase 5 Delay and Skew Optimization | Checksum: 4fe50085

Time (s): cpu = 00:00:15 ; elapsed = 00:00:14 . Memory (MB): peak = 1029.703 ; gain = 92.281

Phase 6 Post Hold Fix

Phase 6.1 Hold Fix Iter
Phase 6.1 Hold Fix Iter | Checksum: 4fe50085

Time (s): cpu = 00:00:15 ; elapsed = 00:00:14 . Memory (MB): peak = 1029.703 ; gain = 92.281
Phase 6 Post Hold Fix | Checksum: 4fe50085

Time (s): cpu = 00:00:15 ; elapsed = 00:00:14 . Memory (MB): peak = 1029.703 ; gain = 92.281

Phase 7 Route finalize

Router Utilization Summary
  Global Vertical Routing Utilization    = 0.0191441 %
  Global Horizontal Routing Utilization  = 0.0142463 %
  Routable Net Status*
  *Does not include unroutable nets such as driverless and loadless.
  Run report_route_status for detailed report.
  Number of Failed Nets               = 0
  Number of Unrouted Nets             = 0
  Number of Partially Routed Nets     = 0
  Number of Node Overlaps             = 0

Congestion Report
North Dir 1x1 Area, Max Cong = 5.40541%, No Congested Regions.
South Dir 1x1 Area, Max Cong = 3.6036%, No Congested Regions.
East Dir 1x1 Area, Max Cong = 5.88235%, No Congested Regions.
West Dir 1x1 Area, Max Cong = 5.88235%, No Congested Regions.
Phase 7 Route finalize | Checksum: 4fe50085

Time (s): cpu = 00:00:15 ; elapsed = 00:00:14 . Memory (MB): peak = 1029.703 ; gain = 92.281

Phase 8 Verifying routed nets

 Verification completed successfully
Phase 8 Verifying routed nets | Checksum: 4fe50085

Time (s): cpu = 00:00:15 ; elapsed = 00:00:14 . Memory (MB): peak = 1030.738 ; gain = 93.316

Phase 9 Depositing Routes
Phase 9 Depositing Routes | Checksum: 4fe50085

Time (s): cpu = 00:00:15 ; elapsed = 00:00:14 . Memory (MB): peak = 1030.738 ; gain = 93.316
INFO: [Route 35-16] Router Completed Successfully

Time (s): cpu = 00:00:15 ; elapsed = 00:00:14 . Memory (MB): peak = 1030.738 ; gain = 93.316

Routing Is Done.
INFO: [Common 17-83] Releasing license: Implementation
42 Infos, 11 Warnings, 8 Critical Warnings and 0 Errors encountered.
route_design completed successfully
route_design: Time (s): cpu = 00:00:16 ; elapsed = 00:00:15 . Memory (MB): peak = 1030.738 ; gain = 93.316
Writing placer database...
Writing XDEF routing.
Writing XDEF routing logical nets.
Writing XDEF routing special nets.
Write XDEF Complete: Time (s): cpu = 00:00:00 ; elapsed = 00:00:00.100 . Memory (MB): peak = 1030.738 ; gain = 0.000
INFO: [DRC 23-27] Running DRC with 2 threads
INFO: [Coretcl 2-168] The results of DRC are in file C:/Users/bing/temp/vivado_test/DJ_0/DJ_0.runs/impl_1/design_1_wrapper_drc_routed.rpt.
INFO: [Timing 38-91] UpdateTimingParams: Speed grade: -1, Delay Type: min_max.
INFO: [Timing 38-191] Multithreading enabled for timing update using a maximum of 2 CPUs
WARNING: [Timing 38-313] There are no user specified timing constraints. Timing constraints are needed for proper timing analysis.
WARNING: [Power 33-232] No user defined clocks were found in the design!
Resolution: Please specify clocks using create_clock/create_generated_clock for sequential elements. For pure combinatorial circuits, please specify a virtual clock, otherwise the vectorless estimation might be inaccurate
Running Vector-less Activity Propagation...

Finished Running Vector-less Activity Propagation
Attempting to get a license for feature 'Implementation' and/or device 'xc7z010'
INFO: [Common 17-349] Got license for feature 'Implementation' and/or device 'xc7z010'
Running DRC as a precondition to command write_bitstream
INFO: [DRC 23-27] Running DRC with 2 threads
INFO: [Vivado 12-3199] DRC finished with 0 Errors
INFO: [Vivado 12-3200] Please refer to the DRC report (report_drc) for more information.
INFO: [Designutils 20-2272] Running write_bitstream with 2 threads.
Loading data files...
Loading site data...
Loading route data...
Processing options...
Creating bitmap...
Creating bitstream...
Writing bitstream ./design_1_wrapper.bit...
INFO: [Vivado 12-1842] Bitgen Completed Successfully.
INFO: [Project 1-120] WebTalk data collection is mandatory when using a WebPACK part without a full Vivado license. To see the specific WebTalk data collected for your design, open the usage_statistics_webtalk.html or usage_statistics_webtalk.xml file in the implementation directory.
INFO: [Common 17-83] Releasing license: Implementation
write_bitstream: Time (s): cpu = 00:00:13 ; elapsed = 00:00:13 . Memory (MB): peak = 1383.715 ; gain = 337.055
INFO: [Common 17-206] Exiting Vivado at Tue Mar 07 16:16:18 2017...
