#-----------------------------------------------------------
# Webtalk v2016.2 (64-bit)
# SW Build 1577090 on Thu Jun  2 16:32:40 MDT 2016
# 
# Start of session at: Wed Apr 05 15:19:06 2017
# Process ID: 13196
# Current directory: C:/Users/bing/temp/vivado_test/xil_zybo_robomasters/xil_zybo_robomasters.sdk/webtalk
# Command line: wbtcv.exe -mode batch -source sdk_webtalk.tcl
# Log file: C:/Users/bing/temp/vivado_test/xil_zybo_robomasters/xil_zybo_robomasters.sdk/webtalk/webtalk.log
# Journal file: C:/Users/bing/temp/vivado_test/xil_zybo_robomasters/xil_zybo_robomasters.sdk/webtalk\webtalk.jou
#-----------------------------------------------------------
source sdk_webtalk.tcl
# webtalk_init -webtalk_dir C:\\Users\\bing\\temp\\vivado_test\\xil_zybo_robomasters\\xil_zybo_robomasters.sdk\\webtalk
# webtalk_register_client -client project
# webtalk_add_data -client project -key date_generated -value "星期三 四月 5 15:19:05 2017" -context "software_version_and_target_device"
# webtalk_add_data -client project -key product_version -value "SDK v2016.2" -context "software_version_and_target_device"
# webtalk_add_data -client project -key build_version -value "2016.2" -context "software_version_and_target_device"
# webtalk_add_data -client project -key os_platform -value "amd64" -context "software_version_and_target_device"
# webtalk_add_data -client project -key registration_id -value "" -context "software_version_and_target_device"
# webtalk_add_data -client project -key tool_flow -value "SDK" -context "software_version_and_target_device"
# webtalk_add_data -client project -key beta -value "false" -context "software_version_and_target_device"
# webtalk_add_data -client project -key route_design -value "NA" -context "software_version_and_target_device"
# webtalk_add_data -client project -key target_family -value "NA" -context "software_version_and_target_device"
# webtalk_add_data -client project -key target_device -value "NA" -context "software_version_and_target_device"
# webtalk_add_data -client project -key target_package -value "NA" -context "software_version_and_target_device"
# webtalk_add_data -client project -key target_speed -value "NA" -context "software_version_and_target_device"
# webtalk_add_data -client project -key random_id -value "39geep2rkdmq7u9n8gfd0k2bvf" -context "software_version_and_target_device"
# webtalk_add_data -client project -key project_id -value "2016.2_23" -context "software_version_and_target_device"
# webtalk_add_data -client project -key project_iteration -value "23" -context "software_version_and_target_device"
# webtalk_add_data -client project -key os_name -value "" -context "user_environment"
# webtalk_add_data -client project -key os_release -value "" -context "user_environment"
# webtalk_add_data -client project -key cpu_name -value "" -context "user_environment"
# webtalk_add_data -client project -key cpu_speed -value "" -context "user_environment"
# webtalk_add_data -client project -key total_processors -value "" -context "user_environment"
# webtalk_add_data -client project -key system_ram -value "" -context "user_environment"
# webtalk_register_client -client sdk
# webtalk_add_data -client sdk -key uid -value "1491372191451" -context "sdk\\\\hardware/1491372191451"
# webtalk_add_data -client sdk -key isZynq -value "true" -context "sdk\\\\hardware/1491372191451"
# webtalk_add_data -client sdk -key Processors -value "2" -context "sdk\\\\hardware/1491372191451"
# webtalk_add_data -client sdk -key VivadoVersion -value "2016.2" -context "sdk\\\\hardware/1491372191451"
# webtalk_add_data -client sdk -key Arch -value "zynq" -context "sdk\\\\hardware/1491372191451"
# webtalk_add_data -client sdk -key Device -value "7z010" -context "sdk\\\\hardware/1491372191451"
# webtalk_add_data -client sdk -key IsHandoff -value "true" -context "sdk\\\\hardware/1491372191451"
# webtalk_add_data -client sdk -key uid -value "1491372253040" -context "sdk\\\\bsp/1491372253040"
# webtalk_add_data -client sdk -key hwid -value "1491372191451" -context "sdk\\\\bsp/1491372253040"
# webtalk_add_data -client sdk -key os -value "standalone" -context "sdk\\\\bsp/1491372253040"
# webtalk_add_data -client sdk -key apptemplate -value "hello_world" -context "sdk\\\\bsp/1491372253040"
# webtalk_add_data -client sdk -key uid -value "1491372257561" -context "sdk\\\\application/1491372257561"
# webtalk_add_data -client sdk -key hwid -value "1491372191451" -context "sdk\\\\application/1491372257561"
# webtalk_add_data -client sdk -key bspid -value "1491372253040" -context "sdk\\\\application/1491372257561"
# webtalk_add_data -client sdk -key newbsp -value "true" -context "sdk\\\\application/1491372257561"
# webtalk_add_data -client sdk -key os -value "standalone" -context "sdk\\\\application/1491372257561"
# webtalk_add_data -client sdk -key apptemplate -value "hello_world" -context "sdk\\\\application/1491372257561"
# webtalk_add_data -client sdk -key uid -value "1491372512618" -context "sdk\\\\bsp/1491372512618"
# webtalk_add_data -client sdk -key hwid -value "1491372191451" -context "sdk\\\\bsp/1491372512618"
# webtalk_add_data -client sdk -key os -value "standalone" -context "sdk\\\\bsp/1491372512618"
# webtalk_add_data -client sdk -key apptemplate -value "zynq_fsbl" -context "sdk\\\\bsp/1491372512618"
# webtalk_add_data -client sdk -key uid -value "1491372521279" -context "sdk\\\\application/1491372521279"
# webtalk_add_data -client sdk -key hwid -value "1491372191451" -context "sdk\\\\application/1491372521279"
# webtalk_add_data -client sdk -key bspid -value "1491372512618" -context "sdk\\\\application/1491372521279"
# webtalk_add_data -client sdk -key newbsp -value "true" -context "sdk\\\\application/1491372521279"
# webtalk_add_data -client sdk -key os -value "standalone" -context "sdk\\\\application/1491372521279"
# webtalk_add_data -client sdk -key apptemplate -value "zynq_fsbl" -context "sdk\\\\application/1491372521279"
# webtalk_transmit -clientid 3893954590 -regid "" -xml C:\\Users\\bing\\temp\\vivado_test\\xil_zybo_robomasters\\xil_zybo_robomasters.sdk\\webtalk\\usage_statistics_ext_sdk.xml -html C:\\Users\\bing\\temp\\vivado_test\\xil_zybo_robomasters\\xil_zybo_robomasters.sdk\\webtalk\\usage_statistics_ext_sdk.html -wdm C:\\Users\\bing\\temp\\vivado_test\\xil_zybo_robomasters\\xil_zybo_robomasters.sdk\\webtalk\\sdk_webtalk.wdm -intro "<H3>SDK Usage Report</H3><BR>"
# webtalk_terminate
INFO: [Common 17-206] Exiting Webtalk at Wed Apr 05 15:19:11 2017...
