#-----------------------------------------------------------
# Webtalk v2016.2 (64-bit)
# SW Build 1577090 on Thu Jun  2 16:32:40 MDT 2016
# 
# Start of session at: Tue Feb 28 14:24:38 2017
# Process ID: 3692
# Current directory: C:/Users/bing/temp/vivado_test/DJ_0/DJ_0.sdk/webtalk
# Command line: wbtcv.exe -mode batch -source sdk_webtalk.tcl
# Log file: C:/Users/bing/temp/vivado_test/DJ_0/DJ_0.sdk/webtalk/webtalk.log
# Journal file: C:/Users/bing/temp/vivado_test/DJ_0/DJ_0.sdk/webtalk\webtalk.jou
#-----------------------------------------------------------
source sdk_webtalk.tcl
# webtalk_init -webtalk_dir C:\\Users\\bing\\temp\\vivado_test\\DJ_0\\DJ_0.sdk\\webtalk
# webtalk_register_client -client project
# webtalk_add_data -client project -key date_generated -value "星期二 二月 28 14:24:37 2017" -context "software_version_and_target_device"
# webtalk_add_data -client project -key product_version -value "SDK v2016.2" -context "software_version_and_target_device"
# webtalk_add_data -client project -key build_version -value "2016.2" -context "software_version_and_target_device"
# webtalk_add_data -client project -key os_platform -value "amd64" -context "software_version_and_target_device"
# webtalk_add_data -client project -key registration_id -value "" -context "software_version_and_target_device"
# webtalk_add_data -client project -key tool_flow -value "SDK" -context "software_version_and_target_device"
# webtalk_add_data -client project -key beta -value "false" -context "software_version_and_target_device"
# webtalk_add_data -client project -key route_design -value "NA" -context "software_version_and_target_device"
# webtalk_add_data -client project -key target_family -value "NA" -context "software_version_and_target_device"
# webtalk_add_data -client project -key target_device -value "NA" -context "software_version_and_target_device"
# webtalk_add_data -client project -key target_package -value "NA" -context "software_version_and_target_device"
# webtalk_add_data -client project -key target_speed -value "NA" -context "software_version_and_target_device"
# webtalk_add_data -client project -key random_id -value "43mdaom1apntq80uqikee9tvkb" -context "software_version_and_target_device"
# webtalk_add_data -client project -key project_id -value "2016.2_11" -context "software_version_and_target_device"
# webtalk_add_data -client project -key project_iteration -value "11" -context "software_version_and_target_device"
# webtalk_add_data -client project -key os_name -value "" -context "user_environment"
# webtalk_add_data -client project -key os_release -value "" -context "user_environment"
# webtalk_add_data -client project -key cpu_name -value "" -context "user_environment"
# webtalk_add_data -client project -key cpu_speed -value "" -context "user_environment"
# webtalk_add_data -client project -key total_processors -value "" -context "user_environment"
# webtalk_add_data -client project -key system_ram -value "" -context "user_environment"
# webtalk_register_client -client sdk
# webtalk_add_data -client sdk -key uid -value "1488260314469" -context "sdk\\\\hardware/1488260314469"
# webtalk_add_data -client sdk -key isZynq -value "true" -context "sdk\\\\hardware/1488260314469"
# webtalk_add_data -client sdk -key Processors -value "2" -context "sdk\\\\hardware/1488260314469"
# webtalk_add_data -client sdk -key VivadoVersion -value "2016.2" -context "sdk\\\\hardware/1488260314469"
# webtalk_add_data -client sdk -key Arch -value "zynq" -context "sdk\\\\hardware/1488260314469"
# webtalk_add_data -client sdk -key Device -value "7z010" -context "sdk\\\\hardware/1488260314469"
# webtalk_add_data -client sdk -key IsHandoff -value "true" -context "sdk\\\\hardware/1488260314469"
# webtalk_add_data -client sdk -key uid -value "1488260347800" -context "sdk\\\\bsp/1488260347800"
# webtalk_add_data -client sdk -key hwid -value "1488260314469" -context "sdk\\\\bsp/1488260347800"
# webtalk_add_data -client sdk -key os -value "standalone" -context "sdk\\\\bsp/1488260347800"
# webtalk_add_data -client sdk -key apptemplate -value "hello_world" -context "sdk\\\\bsp/1488260347800"
# webtalk_add_data -client sdk -key uid -value "1488260349981" -context "sdk\\\\application/1488260349981"
# webtalk_add_data -client sdk -key hwid -value "1488260314469" -context "sdk\\\\application/1488260349981"
# webtalk_add_data -client sdk -key bspid -value "1488260347800" -context "sdk\\\\application/1488260349981"
# webtalk_add_data -client sdk -key newbsp -value "true" -context "sdk\\\\application/1488260349981"
# webtalk_add_data -client sdk -key os -value "standalone" -context "sdk\\\\application/1488260349981"
# webtalk_add_data -client sdk -key apptemplate -value "hello_world" -context "sdk\\\\application/1488260349981"
# webtalk_transmit -clientid 2906812780 -regid "" -xml C:\\Users\\bing\\temp\\vivado_test\\DJ_0\\DJ_0.sdk\\webtalk\\usage_statistics_ext_sdk.xml -html C:\\Users\\bing\\temp\\vivado_test\\DJ_0\\DJ_0.sdk\\webtalk\\usage_statistics_ext_sdk.html -wdm C:\\Users\\bing\\temp\\vivado_test\\DJ_0\\DJ_0.sdk\\webtalk\\sdk_webtalk.wdm -intro "<H3>SDK Usage Report</H3><BR>"
# webtalk_terminate
INFO: [Common 17-206] Exiting Webtalk at Tue Feb 28 14:24:42 2017...
