#-----------------------------------------------------------
# Webtalk v2016.2 (64-bit)
# SW Build 1577090 on Thu Jun  2 16:32:40 MDT 2016
# 
# Start of session at: Mon Mar 06 18:20:08 2017
# Process ID: 9188
# Current directory: C:/Users/bing/temp/vivado_test/DJ_0/DJ_0.sdk/webtalk
# Command line: wbtcv.exe -mode batch -source sdk_webtalk.tcl
# Log file: C:/Users/bing/temp/vivado_test/DJ_0/DJ_0.sdk/webtalk/webtalk.log
# Journal file: C:/Users/bing/temp/vivado_test/DJ_0/DJ_0.sdk/webtalk\webtalk.jou
#-----------------------------------------------------------
source sdk_webtalk.tcl
# webtalk_init -webtalk_dir C:\\Users\\bing\\temp\\vivado_test\\DJ_0\\DJ_0.sdk\\webtalk
# webtalk_register_client -client project
# webtalk_add_data -client project -key date_generated -value "星期一 三月 6 18:20:07 2017" -context "software_version_and_target_device"
# webtalk_add_data -client project -key product_version -value "SDK v2016.2" -context "software_version_and_target_device"
# webtalk_add_data -client project -key build_version -value "2016.2" -context "software_version_and_target_device"
# webtalk_add_data -client project -key os_platform -value "amd64" -context "software_version_and_target_device"
# webtalk_add_data -client project -key registration_id -value "" -context "software_version_and_target_device"
# webtalk_add_data -client project -key tool_flow -value "SDK" -context "software_version_and_target_device"
# webtalk_add_data -client project -key beta -value "false" -context "software_version_and_target_device"
# webtalk_add_data -client project -key route_design -value "NA" -context "software_version_and_target_device"
# webtalk_add_data -client project -key target_family -value "NA" -context "software_version_and_target_device"
# webtalk_add_data -client project -key target_device -value "NA" -context "software_version_and_target_device"
# webtalk_add_data -client project -key target_package -value "NA" -context "software_version_and_target_device"
# webtalk_add_data -client project -key target_speed -value "NA" -context "software_version_and_target_device"
# webtalk_add_data -client project -key random_id -value "4ud3r5qlm2vjtu64b9lk5p15li" -context "software_version_and_target_device"
# webtalk_add_data -client project -key project_id -value "2016.2_14" -context "software_version_and_target_device"
# webtalk_add_data -client project -key project_iteration -value "14" -context "software_version_and_target_device"
# webtalk_add_data -client project -key os_name -value "" -context "user_environment"
# webtalk_add_data -client project -key os_release -value "" -context "user_environment"
# webtalk_add_data -client project -key cpu_name -value "" -context "user_environment"
# webtalk_add_data -client project -key cpu_speed -value "" -context "user_environment"
# webtalk_add_data -client project -key total_processors -value "" -context "user_environment"
# webtalk_add_data -client project -key system_ram -value "" -context "user_environment"
# webtalk_register_client -client sdk
# webtalk_add_data -client sdk -key uid -value "1488775538569" -context "sdk\\\\bsp/1488775538569"
# webtalk_add_data -client sdk -key hwid -value "1488260314469" -context "sdk\\\\bsp/1488775538569"
# webtalk_add_data -client sdk -key os -value "standalone" -context "sdk\\\\bsp/1488775538569"
# webtalk_add_data -client sdk -key apptemplate -value "empty_application" -context "sdk\\\\bsp/1488775538569"
# webtalk_add_data -client sdk -key uid -value "1488775542444" -context "sdk\\\\application/1488775542444"
# webtalk_add_data -client sdk -key hwid -value "1488260314469" -context "sdk\\\\application/1488775542444"
# webtalk_add_data -client sdk -key bspid -value "1488775538569" -context "sdk\\\\application/1488775542444"
# webtalk_add_data -client sdk -key newbsp -value "true" -context "sdk\\\\application/1488775542444"
# webtalk_add_data -client sdk -key os -value "standalone" -context "sdk\\\\application/1488775542444"
# webtalk_add_data -client sdk -key apptemplate -value "empty_application" -context "sdk\\\\application/1488775542444"
# webtalk_transmit -clientid 1297938689 -regid "" -xml C:\\Users\\bing\\temp\\vivado_test\\DJ_0\\DJ_0.sdk\\webtalk\\usage_statistics_ext_sdk.xml -html C:\\Users\\bing\\temp\\vivado_test\\DJ_0\\DJ_0.sdk\\webtalk\\usage_statistics_ext_sdk.html -wdm C:\\Users\\bing\\temp\\vivado_test\\DJ_0\\DJ_0.sdk\\webtalk\\sdk_webtalk.wdm -intro "<H3>SDK Usage Report</H3><BR>"
# webtalk_terminate
INFO: [Common 17-206] Exiting Webtalk at Mon Mar 06 18:20:10 2017...
